  Main.cpp
c:\users\mrcaf\documents\visual studio 2017\projects\plantilla-poo\pf poo\VectorRR.h(49): warning C4244: 'inicializando': conversión de 'double' a 'float'; posible pérdida de datos
c:\users\mrcaf\documents\visual studio 2017\projects\plantilla-poo\pf poo\VectorRR.h(55): warning C4244: '=': conversión de 'double' a 'float'; posible pérdida de datos
c:\users\mrcaf\documents\visual studio 2017\projects\plantilla-poo\pf poo\VectorRR.h(57): warning C4244: '=': conversión de 'double' a 'float'; posible pérdida de datos
c:\users\mrcaf\documents\visual studio 2017\projects\plantilla-poo\pf poo\VectorRR.h(58): warning C4244: '=': conversión de 'double' a 'float'; posible pérdida de datos
c:\users\mrcaf\documents\visual studio 2017\projects\plantilla-poo\pf poo\VectorRR.h(63): warning C4244: '=': conversión de 'double' a 'float'; posible pérdida de datos
c:\users\mrcaf\documents\visual studio 2017\projects\plantilla-poo\pf poo\VectorRR.h(65): warning C4244: '=': conversión de 'double' a 'float'; posible pérdida de datos
c:\users\mrcaf\documents\visual studio 2017\projects\plantilla-poo\pf poo\VectorRR.h(66): warning C4244: '=': conversión de 'double' a 'float'; posible pérdida de datos
c:\users\mrcaf\documents\visual studio 2017\projects\plantilla-poo\pf poo\VectorRR.h(71): warning C4244: '=': conversión de 'double' a 'float'; posible pérdida de datos
c:\users\mrcaf\documents\visual studio 2017\projects\plantilla-poo\pf poo\VectorRR.h(73): warning C4244: '=': conversión de 'double' a 'float'; posible pérdida de datos
c:\users\mrcaf\documents\visual studio 2017\projects\plantilla-poo\pf poo\VectorRR.h(74): warning C4244: '=': conversión de 'double' a 'float'; posible pérdida de datos
c:\users\mrcaf\documents\visual studio 2017\projects\plantilla-poo\pf poo\VectorRR.h(170): warning C4244: 'inicializando': conversión de 'double' a 'float'; posible pérdida de datos
c:\users\mrcaf\documents\visual studio 2017\projects\plantilla-poo\pf poo\VectorRR.h(180): warning C4244: 'inicializando': conversión de 'double' a 'float'; posible pérdida de datos
c:\users\mrcaf\documents\visual studio 2017\projects\plantilla-poo\pf poo\Geometrias.h(47): warning C4244: '=': conversión de 'double' a 'float'; posible pérdida de datos
c:\users\mrcaf\documents\visual studio 2017\projects\plantilla-poo\pf poo\Geometrias.h(48): warning C4244: '=': conversión de 'double' a 'float'; posible pérdida de datos
c:\users\mrcaf\documents\visual studio 2017\projects\plantilla-poo\pf poo\Geometrias.h(50): warning C4244: '=': conversión de 'double' a 'float'; posible pérdida de datos
c:\users\mrcaf\documents\visual studio 2017\projects\plantilla-poo\pf poo\Geometrias.h(53): warning C4244: '=': conversión de 'double' a 'float'; posible pérdida de datos
c:\users\mrcaf\documents\visual studio 2017\projects\plantilla-poo\pf poo\Geometrias.h(54): warning C4244: '=': conversión de 'double' a 'float'; posible pérdida de datos
c:\users\mrcaf\documents\visual studio 2017\projects\plantilla-poo\pf poo\Geometrias.h(56): warning C4244: '=': conversión de 'double' a 'float'; posible pérdida de datos
c:\users\mrcaf\documents\visual studio 2017\projects\plantilla-poo\pf poo\Geometrias.h(203): warning C4244: '=': conversión de 'double' a 'float'; posible pérdida de datos
c:\users\mrcaf\documents\visual studio 2017\projects\plantilla-poo\pf poo\Geometrias.h(204): warning C4244: '=': conversión de 'double' a 'float'; posible pérdida de datos
c:\users\mrcaf\documents\visual studio 2017\projects\plantilla-poo\pf poo\Geometrias.h(205): warning C4244: '=': conversión de 'double' a 'float'; posible pérdida de datos
c:\users\mrcaf\documents\visual studio 2017\projects\plantilla-poo\pf poo\Imagenes.h(61): warning C4101: 'e': variable local sin referencia
c:\users\mrcaf\documents\visual studio 2017\projects\plantilla-poo\pf poo\Imagenes.h(80): warning C4101: 'e': variable local sin referencia
c:\users\mrcaf\documents\visual studio 2017\projects\plantilla-poo\pf poo\SkyDome.h(47): warning C4101: 'indice': variable local sin referencia
c:\users\mrcaf\documents\visual studio 2017\projects\plantilla-poo\pf poo\Terrain.h(73): warning C4101: 'indice': variable local sin referencia
c:\users\mrcaf\documents\visual studio 2017\projects\plantilla-poo\pf poo\Water.h(63): warning C4305: '+=': truncamiento de 'double' a 'float'
c:\users\mrcaf\documents\visual studio 2017\projects\plantilla-poo\pf poo\Billboard.h(65): warning C4244: 'argumento': conversión de 'GLdouble' a 'float'; posible pérdida de datos
c:\users\mrcaf\documents\visual studio 2017\projects\plantilla-poo\pf poo\Billboard.h(68): warning C4244: '*=': conversión de 'double' a 'float'; posible pérdida de datos
c:\users\mrcaf\documents\visual studio 2017\projects\plantilla-poo\pf poo\Billboard.h(69): warning C4244: '*=': conversión de 'double' a 'float'; posible pérdida de datos
c:\users\mrcaf\documents\visual studio 2017\projects\plantilla-poo\pf poo\Camera.h(32): warning C4244: '=': conversión de 'double' a 'float'; posible pérdida de datos
c:\users\mrcaf\documents\visual studio 2017\projects\plantilla-poo\pf poo\Camera.h(45): warning C4244: '=': conversión de 'GLdouble' a 'float'; posible pérdida de datos
c:\users\mrcaf\documents\visual studio 2017\projects\plantilla-poo\pf poo\Camera.h(46): warning C4244: '=': conversión de 'GLdouble' a 'float'; posible pérdida de datos
c:\users\mrcaf\documents\visual studio 2017\projects\plantilla-poo\pf poo\Camera.h(51): warning C4244: '=': conversión de 'double' a 'float'; posible pérdida de datos
c:\users\mrcaf\documents\visual studio 2017\projects\plantilla-poo\pf poo\Camera.h(54): warning C4244: '=': conversión de 'double' a 'float'; posible pérdida de datos
c:\users\mrcaf\documents\visual studio 2017\projects\plantilla-poo\pf poo\Camera.h(57): warning C4244: '=': conversión de 'double' a 'float'; posible pérdida de datos
c:\users\mrcaf\documents\visual studio 2017\projects\plantilla-poo\pf poo\Camera.h(60): warning C4244: '=': conversión de 'double' a 'float'; posible pérdida de datos
c:\users\mrcaf\documents\visual studio 2017\projects\plantilla-poo\pf poo\Camera.h(76): warning C4244: '=': conversión de 'GLdouble' a 'float'; posible pérdida de datos
c:\users\mrcaf\documents\visual studio 2017\projects\plantilla-poo\pf poo\Camera.h(77): warning C4244: '=': conversión de 'GLdouble' a 'float'; posible pérdida de datos
c:\users\mrcaf\documents\visual studio 2017\projects\plantilla-poo\pf poo\Camera.h(78): warning C4244: 'inicializando': conversión de 'double' a 'float'; posible pérdida de datos
c:\users\mrcaf\documents\visual studio 2017\projects\plantilla-poo\pf poo\Camera.h(87): warning C4244: '=': conversión de 'GLdouble' a 'float'; posible pérdida de datos
c:\users\mrcaf\documents\visual studio 2017\projects\plantilla-poo\pf poo\Camera.h(88): warning C4244: '=': conversión de 'GLdouble' a 'float'; posible pérdida de datos
c:\users\mrcaf\documents\visual studio 2017\projects\plantilla-poo\pf poo\Camera.h(89): warning C4244: 'inicializando': conversión de 'double' a 'float'; posible pérdida de datos
c:\users\mrcaf\documents\visual studio 2017\projects\plantilla-poo\pf poo\Camera.h(98): warning C4244: '=': conversión de 'GLdouble' a 'float'; posible pérdida de datos
c:\users\mrcaf\documents\visual studio 2017\projects\plantilla-poo\pf poo\Camera.h(99): warning C4244: '=': conversión de 'GLdouble' a 'float'; posible pérdida de datos
c:\users\mrcaf\documents\visual studio 2017\projects\plantilla-poo\pf poo\Camera.h(109): warning C4244: '=': conversión de 'GLdouble' a 'float'; posible pérdida de datos
c:\users\mrcaf\documents\visual studio 2017\projects\plantilla-poo\pf poo\Camera.h(110): warning C4244: '=': conversión de 'GLdouble' a 'float'; posible pérdida de datos
c:\users\mrcaf\documents\visual studio 2017\projects\plantilla-poo\pf poo\Camera.h(120): warning C4244: '=': conversión de 'double' a 'float'; posible pérdida de datos
c:\users\mrcaf\documents\visual studio 2017\projects\plantilla-poo\pf poo\Camera.h(127): warning C4244: '=': conversión de 'double' a 'float'; posible pérdida de datos
c:\users\mrcaf\documents\visual studio 2017\projects\plantilla-poo\pf poo\Scene.h(88): warning C4244: '=': conversión de 'int' a 'float'; posible pérdida de datos
c:\users\mrcaf\documents\visual studio 2017\projects\plantilla-poo\pf poo\Scene.h(89): warning C4244: '=': conversión de 'int' a 'float'; posible pérdida de datos
c:\users\mrcaf\documents\visual studio 2017\projects\plantilla-poo\pf poo\Scene.h(85): warning C4101: 'posZ': variable local sin referencia
c:\users\mrcaf\documents\visual studio 2017\projects\plantilla-poo\pf poo\Scene.h(85): warning C4101: 'posY': variable local sin referencia
c:\users\mrcaf\documents\visual studio 2017\projects\plantilla-poo\pf poo\Scene.h(85): warning C4101: 'posX': variable local sin referencia
c:\users\mrcaf\documents\visual studio 2017\projects\plantilla-poo\pf poo\Scene.h(121): warning C4244: 'inicializando': conversión de 'float' a 'int'; posible pérdida de datos
c:\users\mrcaf\documents\visual studio 2017\projects\plantilla-poo\pf poo\Scene.h(124): warning C4244: 'argumento': conversión de 'GLdouble' a 'GLfloat'; posible pérdida de datos
c:\users\mrcaf\documents\visual studio 2017\projects\plantilla-poo\pf poo\Scene.h(141): warning C4101: 'wWidth': variable local sin referencia
c:\users\mrcaf\documents\visual studio 2017\projects\plantilla-poo\pf poo\Scene.h(141): warning C4101: 'wHeight': variable local sin referencia
c:\users\mrcaf\documents\visual studio 2017\projects\plantilla-poo\pf poo\Scene.h(141): warning C4101: 'wX': variable local sin referencia
c:\users\mrcaf\documents\visual studio 2017\projects\plantilla-poo\pf poo\Scene.h(141): warning C4101: 'wY': variable local sin referencia
c:\users\mrcaf\documents\visual studio 2017\projects\plantilla-poo\pf poo\Scene.h(204): warning C4838: la conversión de 'double' en 'GLfloat' requiere una conversión de restricción
c:\users\mrcaf\documents\visual studio 2017\projects\plantilla-poo\pf poo\Scene.h(204): warning C4305: 'inicializando': truncamiento de 'double' a 'GLfloat'
c:\users\mrcaf\documents\visual studio 2017\projects\plantilla-poo\pf poo\Scene.h(207): warning C4244: 'argumento': conversión de 'GLdouble' a 'float'; posible pérdida de datos
c:\users\mrcaf\documents\visual studio 2017\projects\plantilla-poo\pf poo\Scene.h(227): warning C4305: 'argumento': truncamiento de 'double' a 'GLfloat'
c:\users\mrcaf\documents\visual studio 2017\projects\plantilla-poo\pf poo\Scene.h(255): warning C4244: 'argumento': conversión de 'GLdouble' a 'float'; posible pérdida de datos
Main.cpp(155): warning C4244: 'argumento': conversión de 'time_t' a 'unsigned int'; posible pérdida de datos
Main.obj : error LNK2001: símbolo externo _XInputGetState@8 sin resolver
C:\Users\mrcaf\Documents\Visual Studio 2017\Projects\Plantilla-POO\Release\PF POO.exe : fatal error LNK1120: 1 externos sin resolver
